<?xml version="1.0" encoding="UTF-8"?>
<robot generator="Robot 7.1 (Python 3.11.0 on win32)" generated="2024-10-09T23:51:05.097506" rpa="false" schemaversion="5">
<suite id="s1" name="TC1" source="D:\fpt\project_vothanhhau\python-robot-framework\python-robot-fw\TestCases\TC1.robot">
<test id="s1-t1" name="JOIN MEETING ROOM WITH USER A" line="22">
<kw name="Join Meeting Room With User A" owner="MeetingRoomAPO">
<kw name="Open Browser And Navigate To Page [Arguments] ${USER_NAME_A}" owner="CommonPO" source_name="Open Browser And Navigate To Page [Arguments] ${user_name}">
<kw name="Run Keyword If" owner="BuiltIn">
<kw name="Open Chrome With Fake Media" owner="CommonPO">
<kw name="Evaluate" owner="BuiltIn">
<msg time="2024-10-09T23:51:05.436949" level="INFO">${options} = &lt;selenium.webdriver.chrome.options.Options object at 0x000002179E4E9A90&gt;</msg>
<var>${options}</var>
<arg>selenium.webdriver.chrome.options.Options()</arg>
<arg>selenium.webdriver.chrome</arg>
<doc>Evaluates the given expression in Python and returns the result.</doc>
<status status="PASS" start="2024-10-09T23:51:05.436949" elapsed="0.000000"/>
</kw>
<kw name="Call Method" owner="BuiltIn">
<arg>${options}</arg>
<arg>add_argument</arg>
<arg>--use-fake-ui-for-media-stream</arg>
<doc>Calls the named method of the given object with the provided arguments.</doc>
<status status="PASS" start="2024-10-09T23:51:05.436949" elapsed="0.000000"/>
</kw>
<kw name="Call Method" owner="BuiltIn">
<arg>${options}</arg>
<arg>add_argument</arg>
<arg>--use-fake-device-for-media-stream</arg>
<doc>Calls the named method of the given object with the provided arguments.</doc>
<status status="PASS" start="2024-10-09T23:51:05.436949" elapsed="0.000000"/>
</kw>
<kw name="Create Webdriver" owner="SeleniumLibrary">
<msg time="2024-10-09T23:51:05.436949" level="INFO">Creating an instance of the Chrome WebDriver.</msg>
<arg>Chrome</arg>
<arg>options=${options}</arg>
<doc>Creates an instance of Selenium WebDriver.</doc>
<status status="PASS" start="2024-10-09T23:51:05.436949" elapsed="2.008193"/>
</kw>
<kw name="Go To" owner="SeleniumLibrary">
<msg time="2024-10-09T23:51:07.446145" level="INFO">Opening url 'https://team.vsee.me/u/robin4'</msg>
<arg>${URL}</arg>
<doc>Navigates the current browser window to the provided ``url``.</doc>
<status status="PASS" start="2024-10-09T23:51:07.446145" elapsed="1.628534"/>
</kw>
<status status="PASS" start="2024-10-09T23:51:05.436949" elapsed="3.638728"/>
</kw>
<arg>'${user_name}' == '${USER_NAME_A}'</arg>
<arg>Open Chrome With Fake Media</arg>
<doc>Runs the given keyword with the given arguments, if ``condition`` is true.</doc>
<status status="PASS" start="2024-10-09T23:51:05.436949" elapsed="3.638728"/>
</kw>
<kw name="Run Keyword If" owner="BuiltIn">
<arg>'${user_name}' == '${USER_NAME_B}'</arg>
<arg>Open Browser</arg>
<arg>${URL}</arg>
<arg>edge</arg>
<doc>Runs the given keyword with the given arguments, if ``condition`` is true.</doc>
<status status="PASS" start="2024-10-09T23:51:09.075677" elapsed="0.000000"/>
</kw>
<doc>Opens a browser and navigates to a specified URL based on the user name.</doc>
<status status="PASS" start="2024-10-09T23:51:05.436949" elapsed="3.639729"/>
</kw>
<kw name="Input Text [Arguments] ${firstName} ${USER_NAME_A}" owner="CommonPO" source_name="Input Text [Arguments] ${element} ${value}">
<kw name="Input Text" owner="SeleniumLibrary">
<msg time="2024-10-09T23:51:09.077677" level="INFO">Typing text 'User A' into text field 'name=first_name'.</msg>
<arg>${element}</arg>
<arg>${value}</arg>
<doc>Types the given ``text`` into the text field identified by ``locator``.</doc>
<status status="PASS" start="2024-10-09T23:51:09.077677" elapsed="0.233821"/>
</kw>
<status status="PASS" start="2024-10-09T23:51:09.076678" elapsed="0.234820"/>
</kw>
<kw name="Select Checkbox [Arguments] ${checkboxID}" owner="CommonPO" source_name="Select Checkbox [Arguments] ${element}">
<kw name="Select Checkbox" owner="SeleniumLibrary">
<msg time="2024-10-09T23:51:09.311498" level="INFO">Selecting checkbox 'jsonform-1-elt-consent'.</msg>
<arg>${element}</arg>
<doc>Selects the checkbox identified by ``locator``.</doc>
<status status="PASS" start="2024-10-09T23:51:09.311498" elapsed="0.125085"/>
</kw>
<status status="PASS" start="2024-10-09T23:51:09.311498" elapsed="0.125085"/>
</kw>
<kw name="Click Element [Arguments] ${enterButton}" owner="CommonPO" source_name="Click Element [Arguments] ${element}">
<kw name="Click Element" owner="SeleniumLibrary">
<msg time="2024-10-09T23:51:09.436583" level="INFO">Clicking element 'xpath=//input[@value='Enter Waiting Room']'.</msg>
<arg>${element}</arg>
<doc>Click the element identified by ``locator``.</doc>
<status status="PASS" start="2024-10-09T23:51:09.436583" elapsed="0.116017"/>
</kw>
<status status="PASS" start="2024-10-09T23:51:09.436583" elapsed="0.117031"/>
</kw>
<kw name="Sleep" owner="BuiltIn">
<msg time="2024-10-09T23:51:39.554727" level="INFO">Slept 30 seconds.</msg>
<arg>30s</arg>
<doc>Pauses the test executed for the given time.</doc>
<status status="PASS" start="2024-10-09T23:51:09.553614" elapsed="30.001113"/>
</kw>
<kw name="Click Element [Arguments] ${continueButton}" owner="CommonPO" source_name="Click Element [Arguments] ${element}">
<kw name="Click Element" owner="SeleniumLibrary">
<msg time="2024-10-09T23:51:39.555396" level="INFO">Clicking element 'xpath=//button[@data-action='reminder-btn-clicked']'.</msg>
<msg time="2024-10-09T23:51:40.114366" level="INFO" html="true">&lt;/td&gt;&lt;/tr&gt;&lt;tr&gt;&lt;td colspan="3"&gt;&lt;a href="selenium-screenshot-5.png"&gt;&lt;img src="selenium-screenshot-5.png" width="800px"&gt;&lt;/a&gt;</msg>
<msg time="2024-10-09T23:51:40.115492" level="FAIL">ElementNotInteractableException: Message: element not interactable
  (Session info: chrome=129.0.6668.90)
Stacktrace:
	GetHandleVerifier [0x00007FF75A49B645+29573]
	(No symbol) [0x00007FF75A410470]
	(No symbol) [0x00007FF75A2CB519]
	(No symbol) [0x00007FF75A320C8F]
	(No symbol) [0x00007FF75A3136BE]
	(No symbol) [0x00007FF75A3472FA]
	(No symbol) [0x00007FF75A312FF6]
	(No symbol) [0x00007FF75A347510]
	(No symbol) [0x00007FF75A3686BC]
	(No symbol) [0x00007FF75A3470A3]
	(No symbol) [0x00007FF75A3112DF]
	(No symbol) [0x00007FF75A312441]
	GetHandleVerifier [0x00007FF75A7CC58D+3375821]
	GetHandleVerifier [0x00007FF75A817987+3684039]
	GetHandleVerifier [0x00007FF75A80CDAB+3640043]
	GetHandleVerifier [0x00007FF75A55B7C6+816390]
	(No symbol) [0x00007FF75A41B77F]
	(No symbol) [0x00007FF75A4175A4]
	(No symbol) [0x00007FF75A417740]
	(No symbol) [0x00007FF75A40659F]
	BaseThreadInitThunk [0x00007FFCAD1B257D+29]
	RtlUserThreadStart [0x00007FFCADAEAF08+40]
</msg>
<arg>${element}</arg>
<doc>Click the element identified by ``locator``.</doc>
<status status="FAIL" start="2024-10-09T23:51:39.555396" elapsed="0.568314">ElementNotInteractableException: Message: element not interactable
  (Session info: chrome=129.0.6668.90)
Stacktrace:
	GetHandleVerifier [0x00007FF75A49B645+29573]
	(No symbol) [0x00007FF75A410470]
	(No symbol) [0x00007FF75A2CB519]
	(No symbol) [0x00007FF75A320C8F]
	(No symbol) [0x00007FF75A3136BE]
	(No symbol) [0x00007FF75A3472FA]
	(No symbol) [0x00007FF75A312FF6]
	(No symbol) [0x00007FF75A347510]
	(No symbol) [0x00007FF75A3686BC]
	(No symbol) [0x00007FF75A3470A3]
	(No symbol) [0x00007FF75A3112DF]
	(No symbol) [0x00007FF75A312441]
	GetHandleVerifier [0x00007FF75A7CC58D+3375821]
	GetHandleVerifier [0x00007FF75A817987+3684039]
	GetHandleVerifier [0x00007FF75A80CDAB+3640043]
	GetHandleVerifier [0x00007FF75A55B7C6+816390]
	(No symbol) [0x00007FF75A41B77F]
	(No symbol) [0x00007FF75A4175A4]
	(No symbol) [0x00007FF75A417740]
	(No symbol) [0x00007FF75A40659F]
	BaseThreadInitThunk [0x00007FFCAD1B257D+29]
	RtlUserThreadStart [0x00007FFCADAEAF08+40]
</status>
</kw>
<status status="FAIL" start="2024-10-09T23:51:39.554727" elapsed="0.568983">ElementNotInteractableException: Message: element not interactable
  (Session info: chrome=129.0.6668.90)
Stacktrace:
	GetHandleVerifier [0x00007FF75A49B645+29573]
	(No symbol) [0x00007FF75A410470]
	(No symbol) [0x00007FF75A2CB519]
	(No symbol) [0x00007FF75A320C8F]
	(No symbol) [0x00007FF75A3136BE]
	(No symbol) [0x00007FF75A3472FA]
	(No symbol) [0x00007FF75A312FF6]
	(No symbol) [0x00007FF75A347510]
	(No symbol) [0x00007FF75A3686BC]
	(No symbol) [0x00007FF75A3470A3]
	(No symbol) [0x00007FF75A3112DF]
	(No symbol) [0x00007FF75A312441]
	GetHandleVerifier [0x00007FF75A7CC58D+3375821]
	GetHandleVerifier [0x00007FF75A817987+3684039]
	GetHandleVerifier [0x00007FF75A80CDAB+3640043]
	GetHandleVerifier [0x00007FF75A55B7C6+816390]
	(No symbol) [0x00007FF75A41B77F]
	(No symbol) [0x00007FF75A4175A4]
	(No symbol) [0x00007FF75A417740]
	(No symbol) [0x00007FF75A40659F]
	BaseThreadInitThunk [0x00007FFCAD1B257D+29]
	RtlUserThreadStart [0x00007FFCADAEAF08+40]
</status>
</kw>
<kw name="Sleep" owner="BuiltIn">
<arg>30s</arg>
<doc>Pauses the test executed for the given time.</doc>
<status status="NOT RUN" start="2024-10-09T23:51:40.124987" elapsed="0.000173"/>
</kw>
<status status="FAIL" start="2024-10-09T23:51:05.436949" elapsed="34.688211">ElementNotInteractableException: Message: element not interactable
  (Session info: chrome=129.0.6668.90)
Stacktrace:
	GetHandleVerifier [0x00007FF75A49B645+29573]
	(No symbol) [0x00007FF75A410470]
	(No symbol) [0x00007FF75A2CB519]
	(No symbol) [0x00007FF75A320C8F]
	(No symbol) [0x00007FF75A3136BE]
	(No symbol) [0x00007FF75A3472FA]
	(No symbol) [0x00007FF75A312FF6]
	(No symbol) [0x00007FF75A347510]
	(No symbol) [0x00007FF75A3686BC]
	(No symbol) [0x00007FF75A3470A3]
	(No symbol) [0x00007FF75A3112DF]
	(No symbol) [0x00007FF75A312441]
	GetHandleVerifier [0x00007FF75A7CC58D+3375821]
	GetHandleVerifier [0x00007FF75A817987+3684039]
	GetHandleVerifier [0x00007FF75A80CDAB+3640043]
	GetHandleVerifier [0x00007FF75A55B7C6+816390]
	(No symbol) [0x00007FF75A41B77F]
	(No symbol) [0x00007FF75A4175A4]
	(No symbol) [0x00007FF75A417740]
	(No symbol) [0x00007FF75A40659F]
	BaseThreadInitThunk [0x00007FFCAD1B257D+29]
	RtlUserThreadStart [0x00007FFCADAEAF08+40]
</status>
</kw>
<doc>Opens a browser and navigates to a specified URL based on the user name.</doc>
<status status="FAIL" start="2024-10-09T23:51:05.436949" elapsed="34.689541">ElementNotInteractableException: Message: element not interactable
  (Session info: chrome=129.0.6668.90)
Stacktrace:
	GetHandleVerifier [0x00007FF75A49B645+29573]
	(No symbol) [0x00007FF75A410470]
	(No symbol) [0x00007FF75A2CB519]
	(No symbol) [0x00007FF75A320C8F]
	(No symbol) [0x00007FF75A3136BE]
	(No symbol) [0x00007FF75A3472FA]
	(No symbol) [0x00007FF75A312FF6]
	(No symbol) [0x00007FF75A347510]
	(No symbol) [0x00007FF75A3686BC]
	(No symbol) [0x00007FF75A3470A3]
	(No symbol) [0x00007FF75A3112DF]
	(No symbol) [0x00007FF75A312441]
	GetHandleVerifier [0x00007FF75A7CC58D+3375821]
	GetHandleVerifier [0x00007FF75A817987+3684039]
	GetHandleVerifier [0x00007FF75A80CDAB+3640043]
	GetHandleVerifier [0x00007FF75A55B7C6+816390]
	(No symbol) [0x00007FF75A41B77F]
	(No symbol) [0x00007FF75A4175A4]
	(No symbol) [0x00007FF75A417740]
	(No symbol) [0x00007FF75A40659F]
	BaseThreadInitThunk [0x00007FFCAD1B257D+29]
	RtlUserThreadStart [0x00007FFCADAEAF08+40]
</status>
</test>
<status status="FAIL" start="2024-10-09T23:51:05.099169" elapsed="35.031685"/>
</suite>
<statistics>
<total>
<stat pass="0" fail="1" skip="0">All Tests</stat>
</total>
<tag>
</tag>
<suite>
<stat pass="0" fail="1" skip="0" id="s1" name="TC1">TC1</stat>
</suite>
</statistics>
<errors>
</errors>
</robot>
